Determining if the pthread_create exist failed with the following output:
Change Dir: /home/ruguang/docker-CFSD/cfsd/2019/state-estimation/build/CMakeFiles/CMakeTmp

Run Build Command:"/usr/bin/make" "cmTC_53d51/fast"
/usr/bin/make -f CMakeFiles/cmTC_53d51.dir/build.make CMakeFiles/cmTC_53d51.dir/build
make[1]: Entering directory '/home/ruguang/docker-CFSD/cfsd/2019/state-estimation/build/CMakeFiles/CMakeTmp'
Building C object CMakeFiles/cmTC_53d51.dir/CheckSymbolExists.c.o
/usr/bin/gcc-7    -o CMakeFiles/cmTC_53d51.dir/CheckSymbolExists.c.o   -c /home/ruguang/docker-CFSD/cfsd/2019/state-estimation/build/CMakeFiles/CMakeTmp/CheckSymbolExists.c
Linking C executable cmTC_53d51
/usr/bin/cmake -E cmake_link_script CMakeFiles/cmTC_53d51.dir/link.txt --verbose=1
/usr/bin/gcc-7    -static-libgcc -static-libstdc++  -rdynamic CMakeFiles/cmTC_53d51.dir/CheckSymbolExists.c.o  -o cmTC_53d51 
CMakeFiles/cmTC_53d51.dir/CheckSymbolExists.c.o: In function `main':
CheckSymbolExists.c:(.text+0x1b): undefined reference to `pthread_create'
collect2: error: ld returned 1 exit status
CMakeFiles/cmTC_53d51.dir/build.make:97: recipe for target 'cmTC_53d51' failed
make[1]: *** [cmTC_53d51] Error 1
make[1]: Leaving directory '/home/ruguang/docker-CFSD/cfsd/2019/state-estimation/build/CMakeFiles/CMakeTmp'
Makefile:126: recipe for target 'cmTC_53d51/fast' failed
make: *** [cmTC_53d51/fast] Error 2

File /home/ruguang/docker-CFSD/cfsd/2019/state-estimation/build/CMakeFiles/CMakeTmp/CheckSymbolExists.c:
/* */
#include <pthread.h>

int main(int argc, char** argv)
{
  (void)argv;
#ifndef pthread_create
  return ((int*)(&pthread_create))[argc];
#else
  (void)argc;
  return 0;
#endif
}

